{"/Users/timothykelley1/VSCode/Springboard_Coding/Express/express-biztime/_test_common.js": {"path":"/Users/timothykelley1/VSCode/Springboard_Coding/Express/express-biztime/_test_common.js","statementMap":{"0":{"start":{"line":1,"column":11},"end":{"line":1,"column":26}},"1":{"start":{"line":5,"column":2},"end":{"line":5,"column":41}},"2":{"start":{"line":6,"column":2},"end":{"line":6,"column":42}},"3":{"start":{"line":7,"column":2},"end":{"line":7,"column":63}},"4":{"start":{"line":9,"column":2},"end":{"line":11,"column":57}},"5":{"start":{"line":13,"column":14},"end":{"line":18,"column":25}},"6":{"start":{"line":22,"column":0},"end":{"line":22,"column":32}}},"fnMap":{"0":{"name":"createData","decl":{"start":{"line":4,"column":15},"end":{"line":4,"column":25}},"loc":{"start":{"line":4,"column":28},"end":{"line":19,"column":1}},"line":4}},"branchMap":{},"s":{"0":1,"1":3,"2":3,"3":3,"4":3,"5":3,"6":1},"f":{"0":3},"b":{},"_coverageSchema":"1a1c01bbd47fc00a2c39e90264f33305004495a9","hash":"38293c02d4cfa69fc7c9a60665f796b1fe5d6df5"}
,"/Users/timothykelley1/VSCode/Springboard_Coding/Express/express-biztime/app.js": {"path":"/Users/timothykelley1/VSCode/Springboard_Coding/Express/express-biztime/app.js","statementMap":{"0":{"start":{"line":3,"column":16},"end":{"line":3,"column":34}},"1":{"start":{"line":4,"column":21},"end":{"line":4,"column":46}},"2":{"start":{"line":5,"column":24},"end":{"line":5,"column":53}},"3":{"start":{"line":6,"column":23},"end":{"line":6,"column":51}},"4":{"start":{"line":7,"column":12},"end":{"line":7,"column":21}},"5":{"start":{"line":9,"column":0},"end":{"line":9,"column":24}},"6":{"start":{"line":10,"column":0},"end":{"line":10,"column":39}},"7":{"start":{"line":11,"column":0},"end":{"line":11,"column":37}},"8":{"start":{"line":15,"column":0},"end":{"line":18,"column":3}},"9":{"start":{"line":16,"column":14},"end":{"line":16,"column":48}},"10":{"start":{"line":17,"column":2},"end":{"line":17,"column":19}},"11":{"start":{"line":22,"column":0},"end":{"line":29,"column":3}},"12":{"start":{"line":23,"column":2},"end":{"line":23,"column":32}},"13":{"start":{"line":25,"column":2},"end":{"line":28,"column":5}},"14":{"start":{"line":32,"column":0},"end":{"line":32,"column":21}}},"fnMap":{"0":{"name":"(anonymous_0)","decl":{"start":{"line":15,"column":8},"end":{"line":15,"column":9}},"loc":{"start":{"line":15,"column":33},"end":{"line":18,"column":1}},"line":15},"1":{"name":"(anonymous_1)","decl":{"start":{"line":22,"column":8},"end":{"line":22,"column":9}},"loc":{"start":{"line":22,"column":33},"end":{"line":29,"column":1}},"line":22}},"branchMap":{"0":{"loc":{"start":{"line":23,"column":13},"end":{"line":23,"column":30}},"type":"binary-expr","locations":[{"start":{"line":23,"column":13},"end":{"line":23,"column":23}},{"start":{"line":23,"column":27},"end":{"line":23,"column":30}}],"line":23}},"s":{"0":1,"1":1,"2":1,"3":1,"4":1,"5":1,"6":1,"7":1,"8":1,"9":0,"10":0,"11":1,"12":1,"13":1,"14":1},"f":{"0":0,"1":1},"b":{"0":[1,0]},"_coverageSchema":"1a1c01bbd47fc00a2c39e90264f33305004495a9","hash":"f16bd04e16bc03e1ce5995561682e452fd2fa730"}
,"/Users/timothykelley1/VSCode/Springboard_Coding/Express/express-biztime/db.js": {"path":"/Users/timothykelley1/VSCode/Springboard_Coding/Express/express-biztime/db.js","statementMap":{"0":{"start":{"line":3,"column":19},"end":{"line":3,"column":32}},"1":{"start":{"line":7,"column":0},"end":{"line":11,"column":1}},"2":{"start":{"line":8,"column":4},"end":{"line":8,"column":42}},"3":{"start":{"line":10,"column":4},"end":{"line":10,"column":37}},"4":{"start":{"line":13,"column":9},"end":{"line":13,"column":49}},"5":{"start":{"line":15,"column":0},"end":{"line":15,"column":13}},"6":{"start":{"line":17,"column":0},"end":{"line":17,"column":20}}},"fnMap":{},"branchMap":{"0":{"loc":{"start":{"line":7,"column":0},"end":{"line":11,"column":1}},"type":"if","locations":[{"start":{"line":7,"column":0},"end":{"line":11,"column":1}},{"start":{"line":9,"column":5},"end":{"line":11,"column":1}}],"line":7}},"s":{"0":1,"1":1,"2":1,"3":0,"4":1,"5":1,"6":1},"f":{},"b":{"0":[1,0]},"_coverageSchema":"1a1c01bbd47fc00a2c39e90264f33305004495a9","hash":"6da6df595324df56b5fe9e92eaea5cbe516e2767"}
,"/Users/timothykelley1/VSCode/Springboard_Coding/Express/express-biztime/expressError.js": {"path":"/Users/timothykelley1/VSCode/Springboard_Coding/Express/express-biztime/expressError.js","statementMap":{"0":{"start":{"line":9,"column":4},"end":{"line":9,"column":12}},"1":{"start":{"line":10,"column":4},"end":{"line":10,"column":27}},"2":{"start":{"line":11,"column":4},"end":{"line":11,"column":25}},"3":{"start":{"line":12,"column":4},"end":{"line":12,"column":30}},"4":{"start":{"line":17,"column":0},"end":{"line":17,"column":30}}},"fnMap":{"0":{"name":"(anonymous_0)","decl":{"start":{"line":8,"column":2},"end":{"line":8,"column":3}},"loc":{"start":{"line":8,"column":31},"end":{"line":13,"column":3}},"line":8}},"branchMap":{},"s":{"0":1,"1":1,"2":1,"3":1,"4":1},"f":{"0":1},"b":{},"_coverageSchema":"1a1c01bbd47fc00a2c39e90264f33305004495a9","hash":"d6a974d1b43af86f7dc793fcae3e46af398a5018"}
,"/Users/timothykelley1/VSCode/Springboard_Coding/Express/express-biztime/routes/companies.js": {"path":"/Users/timothykelley1/VSCode/Springboard_Coding/Express/express-biztime/routes/companies.js","statementMap":{"0":{"start":{"line":1,"column":16},"end":{"line":1,"column":34}},"1":{"start":{"line":2,"column":21},"end":{"line":2,"column":47}},"2":{"start":{"line":3,"column":11},"end":{"line":3,"column":27}},"3":{"start":{"line":5,"column":15},"end":{"line":5,"column":35}},"4":{"start":{"line":7,"column":0},"end":{"line":14,"column":2}},"5":{"start":{"line":8,"column":4},"end":{"line":13,"column":5}},"6":{"start":{"line":9,"column":24},"end":{"line":9,"column":65}},"7":{"start":{"line":10,"column":8},"end":{"line":10,"column":52}},"8":{"start":{"line":12,"column":8},"end":{"line":12,"column":17}},"9":{"start":{"line":29,"column":0},"end":{"line":62,"column":5}},"10":{"start":{"line":30,"column":4},"end":{"line":61,"column":5}},"11":{"start":{"line":31,"column":17},"end":{"line":31,"column":32}},"12":{"start":{"line":33,"column":25},"end":{"line":38,"column":7}},"13":{"start":{"line":40,"column":24},"end":{"line":45,"column":7}},"14":{"start":{"line":47,"column":6},"end":{"line":49,"column":7}},"15":{"start":{"line":48,"column":8},"end":{"line":48,"column":63}},"16":{"start":{"line":51,"column":22},"end":{"line":51,"column":40}},"17":{"start":{"line":52,"column":23},"end":{"line":52,"column":37}},"18":{"start":{"line":54,"column":6},"end":{"line":54,"column":53}},"19":{"start":{"line":54,"column":45},"end":{"line":54,"column":51}},"20":{"start":{"line":56,"column":6},"end":{"line":56,"column":44}},"21":{"start":{"line":60,"column":6},"end":{"line":60,"column":23}},"22":{"start":{"line":65,"column":0},"end":{"line":74,"column":2}},"23":{"start":{"line":66,"column":4},"end":{"line":73,"column":5}},"24":{"start":{"line":67,"column":44},"end":{"line":67,"column":52}},"25":{"start":{"line":68,"column":24},"end":{"line":69,"column":90}},"26":{"start":{"line":70,"column":8},"end":{"line":70,"column":64}},"27":{"start":{"line":72,"column":8},"end":{"line":72,"column":17}},"28":{"start":{"line":76,"column":0},"end":{"line":89,"column":2}},"29":{"start":{"line":77,"column":4},"end":{"line":88,"column":5}},"30":{"start":{"line":78,"column":25},"end":{"line":78,"column":35}},"31":{"start":{"line":79,"column":38},"end":{"line":79,"column":46}},"32":{"start":{"line":80,"column":24},"end":{"line":81,"column":84}},"33":{"start":{"line":82,"column":8},"end":{"line":84,"column":9}},"34":{"start":{"line":83,"column":12},"end":{"line":83,"column":81}},"35":{"start":{"line":85,"column":8},"end":{"line":85,"column":52}},"36":{"start":{"line":87,"column":8},"end":{"line":87,"column":17}},"37":{"start":{"line":91,"column":0},"end":{"line":99,"column":2}},"38":{"start":{"line":92,"column":4},"end":{"line":98,"column":5}},"39":{"start":{"line":93,"column":21},"end":{"line":93,"column":36}},"40":{"start":{"line":94,"column":24},"end":{"line":94,"column":85}},"41":{"start":{"line":95,"column":8},"end":{"line":95,"column":50}},"42":{"start":{"line":97,"column":8},"end":{"line":97,"column":17}},"43":{"start":{"line":101,"column":0},"end":{"line":101,"column":24}}},"fnMap":{"0":{"name":"(anonymous_0)","decl":{"start":{"line":7,"column":16},"end":{"line":7,"column":17}},"loc":{"start":{"line":7,"column":45},"end":{"line":14,"column":1}},"line":7},"1":{"name":"(anonymous_1)","decl":{"start":{"line":29,"column":21},"end":{"line":29,"column":22}},"loc":{"start":{"line":29,"column":53},"end":{"line":62,"column":3}},"line":29},"2":{"name":"(anonymous_2)","decl":{"start":{"line":54,"column":38},"end":{"line":54,"column":39}},"loc":{"start":{"line":54,"column":45},"end":{"line":54,"column":51}},"line":54},"3":{"name":"(anonymous_3)","decl":{"start":{"line":65,"column":17},"end":{"line":65,"column":18}},"loc":{"start":{"line":65,"column":43},"end":{"line":74,"column":1}},"line":65},"4":{"name":"(anonymous_4)","decl":{"start":{"line":76,"column":23},"end":{"line":76,"column":24}},"loc":{"start":{"line":76,"column":48},"end":{"line":89,"column":1}},"line":76},"5":{"name":"(anonymous_5)","decl":{"start":{"line":91,"column":24},"end":{"line":91,"column":25}},"loc":{"start":{"line":91,"column":50},"end":{"line":99,"column":1}},"line":91}},"branchMap":{"0":{"loc":{"start":{"line":47,"column":6},"end":{"line":49,"column":7}},"type":"if","locations":[{"start":{"line":47,"column":6},"end":{"line":49,"column":7}},{"start":{},"end":{}}],"line":47},"1":{"loc":{"start":{"line":82,"column":8},"end":{"line":84,"column":9}},"type":"if","locations":[{"start":{"line":82,"column":8},"end":{"line":84,"column":9}},{"start":{},"end":{}}],"line":82}},"s":{"0":1,"1":1,"2":1,"3":1,"4":1,"5":1,"6":1,"7":1,"8":0,"9":1,"10":2,"11":2,"12":2,"13":2,"14":2,"15":1,"16":1,"17":1,"18":1,"19":2,"20":1,"21":1,"22":1,"23":0,"24":0,"25":0,"26":0,"27":0,"28":1,"29":0,"30":0,"31":0,"32":0,"33":0,"34":0,"35":0,"36":0,"37":1,"38":0,"39":0,"40":0,"41":0,"42":0,"43":1},"f":{"0":1,"1":2,"2":2,"3":0,"4":0,"5":0},"b":{"0":[1,1],"1":[0,0]},"_coverageSchema":"1a1c01bbd47fc00a2c39e90264f33305004495a9","hash":"a529844d5b9ef15f0596d5f73b70b8777d92bc41"}
,"/Users/timothykelley1/VSCode/Springboard_Coding/Express/express-biztime/routes/invoices.js": {"path":"/Users/timothykelley1/VSCode/Springboard_Coding/Express/express-biztime/routes/invoices.js","statementMap":{"0":{"start":{"line":1,"column":16},"end":{"line":1,"column":34}},"1":{"start":{"line":2,"column":21},"end":{"line":2,"column":47}},"2":{"start":{"line":3,"column":11},"end":{"line":3,"column":27}},"3":{"start":{"line":5,"column":15},"end":{"line":5,"column":35}},"4":{"start":{"line":7,"column":0},"end":{"line":14,"column":2}},"5":{"start":{"line":8,"column":4},"end":{"line":13,"column":5}},"6":{"start":{"line":9,"column":24},"end":{"line":9,"column":64}},"7":{"start":{"line":10,"column":8},"end":{"line":10,"column":51}},"8":{"start":{"line":12,"column":8},"end":{"line":12,"column":17}},"9":{"start":{"line":16,"column":0},"end":{"line":27,"column":2}},"10":{"start":{"line":17,"column":4},"end":{"line":26,"column":5}},"11":{"start":{"line":18,"column":23},"end":{"line":18,"column":33}},"12":{"start":{"line":19,"column":24},"end":{"line":19,"column":84}},"13":{"start":{"line":20,"column":8},"end":{"line":22,"column":9}},"14":{"start":{"line":21,"column":12},"end":{"line":21,"column":79}},"15":{"start":{"line":23,"column":8},"end":{"line":23,"column":52}},"16":{"start":{"line":25,"column":8},"end":{"line":25,"column":17}},"17":{"start":{"line":29,"column":0},"end":{"line":38,"column":2}},"18":{"start":{"line":30,"column":4},"end":{"line":37,"column":5}},"19":{"start":{"line":31,"column":35},"end":{"line":31,"column":43}},"20":{"start":{"line":32,"column":24},"end":{"line":33,"column":55}},"21":{"start":{"line":34,"column":8},"end":{"line":34,"column":64}},"22":{"start":{"line":36,"column":8},"end":{"line":36,"column":17}},"23":{"start":{"line":40,"column":0},"end":{"line":52,"column":2}},"24":{"start":{"line":41,"column":4},"end":{"line":51,"column":5}},"25":{"start":{"line":42,"column":23},"end":{"line":42,"column":33}},"26":{"start":{"line":43,"column":20},"end":{"line":43,"column":32}},"27":{"start":{"line":44,"column":24},"end":{"line":44,"column":103}},"28":{"start":{"line":45,"column":8},"end":{"line":47,"column":9}},"29":{"start":{"line":46,"column":12},"end":{"line":46,"column":86}},"30":{"start":{"line":48,"column":8},"end":{"line":48,"column":52}},"31":{"start":{"line":50,"column":8},"end":{"line":50,"column":17}},"32":{"start":{"line":54,"column":0},"end":{"line":66,"column":2}},"33":{"start":{"line":55,"column":4},"end":{"line":65,"column":5}},"34":{"start":{"line":56,"column":19},"end":{"line":56,"column":32}},"35":{"start":{"line":57,"column":26},"end":{"line":57,"column":44}},"36":{"start":{"line":58,"column":24},"end":{"line":58,"column":80}},"37":{"start":{"line":59,"column":8},"end":{"line":61,"column":9}},"38":{"start":{"line":60,"column":12},"end":{"line":60,"column":77}},"39":{"start":{"line":62,"column":8},"end":{"line":62,"column":66}},"40":{"start":{"line":64,"column":8},"end":{"line":64,"column":17}},"41":{"start":{"line":68,"column":0},"end":{"line":68,"column":24}}},"fnMap":{"0":{"name":"(anonymous_0)","decl":{"start":{"line":7,"column":16},"end":{"line":7,"column":17}},"loc":{"start":{"line":7,"column":45},"end":{"line":14,"column":1}},"line":7},"1":{"name":"(anonymous_1)","decl":{"start":{"line":16,"column":19},"end":{"line":16,"column":20}},"loc":{"start":{"line":16,"column":49},"end":{"line":27,"column":1}},"line":16},"2":{"name":"(anonymous_2)","decl":{"start":{"line":29,"column":17},"end":{"line":29,"column":18}},"loc":{"start":{"line":29,"column":43},"end":{"line":38,"column":1}},"line":29},"3":{"name":"(anonymous_3)","decl":{"start":{"line":40,"column":19},"end":{"line":40,"column":20}},"loc":{"start":{"line":40,"column":45},"end":{"line":52,"column":1}},"line":40},"4":{"name":"(anonymous_4)","decl":{"start":{"line":54,"column":22},"end":{"line":54,"column":23}},"loc":{"start":{"line":54,"column":48},"end":{"line":66,"column":1}},"line":54}},"branchMap":{"0":{"loc":{"start":{"line":20,"column":8},"end":{"line":22,"column":9}},"type":"if","locations":[{"start":{"line":20,"column":8},"end":{"line":22,"column":9}},{"start":{},"end":{}}],"line":20},"1":{"loc":{"start":{"line":45,"column":8},"end":{"line":47,"column":9}},"type":"if","locations":[{"start":{"line":45,"column":8},"end":{"line":47,"column":9}},{"start":{},"end":{}}],"line":45},"2":{"loc":{"start":{"line":59,"column":8},"end":{"line":61,"column":9}},"type":"if","locations":[{"start":{"line":59,"column":8},"end":{"line":61,"column":9}},{"start":{},"end":{}}],"line":59}},"s":{"0":1,"1":1,"2":1,"3":1,"4":1,"5":0,"6":0,"7":0,"8":0,"9":1,"10":0,"11":0,"12":0,"13":0,"14":0,"15":0,"16":0,"17":1,"18":0,"19":0,"20":0,"21":0,"22":0,"23":1,"24":0,"25":0,"26":0,"27":0,"28":0,"29":0,"30":0,"31":0,"32":1,"33":0,"34":0,"35":0,"36":0,"37":0,"38":0,"39":0,"40":0,"41":1},"f":{"0":0,"1":0,"2":0,"3":0,"4":0},"b":{"0":[0,0],"1":[0,0],"2":[0,0]},"_coverageSchema":"1a1c01bbd47fc00a2c39e90264f33305004495a9","hash":"b4f4221770ee05f6eebfa439eb176266d78a0132"}
}
